[2026-07-14 21:12:10] https://ejournal.univ-tridinanti.ac.id
[2026-07-14 21:12:10] [Notice] Task process started.
[2026-07-14 21:12:27] [Warning] Registration was not successful! The DOI registration server returned an error: ' (401 Unauthorized)'.
[2026-07-14 21:12:43] [Warning] Registration was not successful! The DOI registration server returned an error: ' (401 Unauthorized)'.
[2026-07-14 21:14:28] [Warning] Registration was not successful! The DOI registration server returned an error: '<html><body><h1>502 Bad Gateway</h1>
The server returned an invalid or incomplete response.
</body></html>
 (502 Bad Gateway)'.
[2026-07-14 21:14:45] [Warning] Registration was not successful! The DOI registration server returned an error: '<html><body><h1>503 Service Unavailable</h1>
No server is available to handle this request.
</body></html>
 (503 Service Unavailable)'.
[2026-07-14 21:15:01] [Warning] Registration was not successful! The DOI registration server returned an error: '<html><body><h1>503 Service Unavailable</h1>
No server is available to handle this request.
</body></html>
 (503 Service Unavailable)'.
[2026-07-14 21:15:18] [Warning] Registration was not successful! The DOI registration server returned an error: '<html><body><h1>503 Service Unavailable</h1>
No server is available to handle this request.
</body></html>
 (503 Service Unavailable)'.
[2026-07-14 21:15:35] [Warning] Registration was not successful! The DOI registration server returned an error: '<html><body><h1>503 Service Unavailable</h1>
No server is available to handle this request.
</body></html>
 (503 Service Unavailable)'.
[2026-07-14 21:15:52] [Warning] Registration was not successful! The DOI registration server returned an error: '<html><body><h1>503 Service Unavailable</h1>
No server is available to handle this request.
</body></html>
 (503 Service Unavailable)'.
[2026-07-14 21:16:09] [Warning] Registration was not successful! The DOI registration server returned an error: ' (401 Unauthorized)'.
[2026-07-14 21:16:28] [Warning] Registration was not successful! The DOI registration server returned an error: ' (401 Unauthorized)'.
[2026-07-14 21:16:46] [Warning] Registration was not successful! The DOI registration server returned an error: ' (401 Unauthorized)'.
[2026-07-14 21:17:04] [Warning] Registration was not successful! The DOI registration server returned an error: ' (401 Unauthorized)'.
[2026-07-14 21:17:21] [Warning] Registration was not successful! The DOI registration server returned an error: ' (401 Unauthorized)'.
[2026-07-14 21:17:36] [Warning] Registration was not successful! The DOI registration server returned an error: ' (401 Unauthorized)'.
[2026-07-14 21:17:55] [Warning] Registration was not successful! The DOI registration server returned an error: ' (401 Unauthorized)'.
[2026-07-14 21:18:11] [Warning] Registration was not successful! The DOI registration server returned an error: ' (401 Unauthorized)'.
[2026-07-14 21:18:30] [Warning] Registration was not successful! The DOI registration server returned an error: ' (401 Unauthorized)'.
[2026-07-14 21:18:46] [Warning] Registration was not successful! The DOI registration server returned an error: ' (401 Unauthorized)'.
[2026-07-14 21:19:05] [Warning] Registration was not successful! The DOI registration server returned an error: ' (401 Unauthorized)'.
[2026-07-14 21:19:23] [Warning] Registration was not successful! The DOI registration server returned an error: ' (401 Unauthorized)'.
[2026-07-14 21:19:42] [Warning] Registration was not successful! The DOI registration server returned an error: ' (401 Unauthorized)'.
[2026-07-14 21:20:00] [Warning] Registration was not successful! The DOI registration server returned an error: ' (401 Unauthorized)'.
[2026-07-14 21:20:18] [Warning] Registration was not successful! The DOI registration server returned an error: ' (401 Unauthorized)'.
[2026-07-14 21:20:36] [Warning] Registration was not successful! The DOI registration server returned an error: ' (401 Unauthorized)'.
[2026-07-14 21:20:53] [Warning] Registration was not successful! The DOI registration server returned an error: ' (401 Unauthorized)'.
[2026-07-14 21:21:11] [Warning] Registration was not successful! The DOI registration server returned an error: ' (401 Unauthorized)'.
[2026-07-14 21:21:27] [Warning] Registration was not successful! The DOI registration server returned an error: ' (401 Unauthorized)'.
[2026-07-14 21:21:43] [Warning] Registration was not successful! The DOI registration server returned an error: ' (401 Unauthorized)'.
[2026-07-14 21:22:00] [Warning] Registration was not successful! The DOI registration server returned an error: ' (401 Unauthorized)'.
[2026-07-14 21:22:16] [Warning] Registration was not successful! The DOI registration server returned an error: ' (401 Unauthorized)'.
[2026-07-14 21:22:36] [Warning] Registration was not successful! The DOI registration server returned an error: ' (401 Unauthorized)'.
[2026-07-14 21:22:56] [Warning] Registration was not successful! The DOI registration server returned an error: ' (401 Unauthorized)'.
[2026-07-14 21:23:14] [Warning] Registration was not successful! The DOI registration server returned an error: ' (401 Unauthorized)'.
[2026-07-14 21:23:32] [Warning] Registration was not successful! The DOI registration server returned an error: ' (401 Unauthorized)'.
[2026-07-14 21:23:48] [Warning] Registration was not successful! The DOI registration server returned an error: ' (401 Unauthorized)'.
[2026-07-14 21:24:06] [Warning] Registration was not successful! The DOI registration server returned an error: ' (401 Unauthorized)'.
[2026-07-14 21:24:23] [Warning] Registration was not successful! The DOI registration server returned an error: ' (401 Unauthorized)'.
[2026-07-14 21:24:41] [Warning] Registration was not successful! The DOI registration server returned an error: ' (401 Unauthorized)'.
[2026-07-14 21:25:00] [Warning] Registration was not successful! The DOI registration server returned an error: ' (401 Unauthorized)'.
[2026-07-14 21:25:19] [Warning] Registration was not successful! The DOI registration server returned an error: ' (401 Unauthorized)'.
[2026-07-14 21:25:37] [Warning] Registration was not successful! The DOI registration server returned an error: ' (401 Unauthorized)'.
[2026-07-14 21:25:55] [Warning] Registration was not successful! The DOI registration server returned an error: ' (401 Unauthorized)'.
[2026-07-14 21:26:13] [Warning] Registration was not successful! The DOI registration server returned an error: ' (401 Unauthorized)'.
[2026-07-14 21:26:30] [Warning] Registration was not successful! The DOI registration server returned an error: ' (401 Unauthorized)'.
[2026-07-14 21:26:47] [Warning] Registration was not successful! The DOI registration server returned an error: ' (401 Unauthorized)'.
[2026-07-14 21:27:06] [Warning] Registration was not successful! The DOI registration server returned an error: ' (401 Unauthorized)'.
[2026-07-14 21:27:26] [Warning] Registration was not successful! The DOI registration server returned an error: ' (401 Unauthorized)'.
[2026-07-14 21:27:45] [Warning] Registration was not successful! The DOI registration server returned an error: ' (401 Unauthorized)'.
[2026-07-14 21:28:07] [Warning] Registration was not successful! The DOI registration server returned an error: ' (401 Unauthorized)'.
[2026-07-14 21:28:25] [Warning] Registration was not successful! The DOI registration server returned an error: ' (401 Unauthorized)'.
[2026-07-14 21:28:44] [Warning] Registration was not successful! The DOI registration server returned an error: ' (401 Unauthorized)'.
[2026-07-14 21:29:04] [Warning] Registration was not successful! The DOI registration server returned an error: ' (401 Unauthorized)'.
[2026-07-14 21:29:22] [Warning] Registration was not successful! The DOI registration server returned an error: ' (401 Unauthorized)'.
[2026-07-14 21:29:39] [Warning] Registration was not successful! The DOI registration server returned an error: ' (401 Unauthorized)'.
[2026-07-14 21:29:56] [Warning] Registration was not successful! The DOI registration server returned an error: ' (401 Unauthorized)'.
[2026-07-14 21:30:14] [Warning] Registration was not successful! The DOI registration server returned an error: ' (401 Unauthorized)'.
[2026-07-14 21:30:32] [Warning] Registration was not successful! The DOI registration server returned an error: ' (401 Unauthorized)'.
[2026-07-14 21:30:51] [Warning] Registration was not successful! The DOI registration server returned an error: ' (401 Unauthorized)'.
[2026-07-14 21:31:09] [Warning] Registration was not successful! The DOI registration server returned an error: ' (401 Unauthorized)'.
[2026-07-14 21:31:26] [Warning] Registration was not successful! The DOI registration server returned an error: ' (401 Unauthorized)'.
[2026-07-14 21:31:45] [Warning] Registration was not successful! The DOI registration server returned an error: ' (401 Unauthorized)'.
[2026-07-14 21:32:07] [Warning] Registration was not successful! The DOI registration server returned an error: ' (401 Unauthorized)'.
[2026-07-14 21:32:25] [Warning] Registration was not successful! The DOI registration server returned an error: ' (401 Unauthorized)'.
[2026-07-14 21:32:45] [Warning] Registration was not successful! The DOI registration server returned an error: ' (401 Unauthorized)'.
[2026-07-14 21:33:02] [Warning] Registration was not successful! The DOI registration server returned an error: ' (401 Unauthorized)'.
[2026-07-14 21:33:22] [Warning] Registration was not successful! The DOI registration server returned an error: ' (401 Unauthorized)'.
[2026-07-14 21:33:42] [Warning] Registration was not successful! The DOI registration server returned an error: ' (401 Unauthorized)'.
[2026-07-14 21:34:02] [Warning] Registration was not successful! The DOI registration server returned an error: ' (401 Unauthorized)'.
[2026-07-14 21:34:22] [Warning] Registration was not successful! The DOI registration server returned an error: ' (401 Unauthorized)'.
[2026-07-14 21:34:39] [Warning] Registration was not successful! The DOI registration server returned an error: ' (401 Unauthorized)'.
[2026-07-14 21:35:00] [Warning] Registration was not successful! The DOI registration server returned an error: ' (401 Unauthorized)'.
[2026-07-14 21:35:20] [Warning] Registration was not successful! The DOI registration server returned an error: ' (401 Unauthorized)'.
[2026-07-14 21:35:38] [Warning] Registration was not successful! The DOI registration server returned an error: ' (401 Unauthorized)'.
[2026-07-14 21:35:57] [Warning] Registration was not successful! The DOI registration server returned an error: ' (401 Unauthorized)'.
[2026-07-14 21:36:17] [Warning] Registration was not successful! The DOI registration server returned an error: ' (401 Unauthorized)'.
[2026-07-14 21:36:35] [Warning] Registration was not successful! The DOI registration server returned an error: ' (401 Unauthorized)'.
[2026-07-14 21:36:53] [Warning] Registration was not successful! The DOI registration server returned an error: ' (401 Unauthorized)'.
[2026-07-14 21:37:10] [Warning] Registration was not successful! The DOI registration server returned an error: ' (401 Unauthorized)'.
[2026-07-14 21:37:10] [Notice] Task process stopped.
