[2026-03-12 20:17:46] https://ejournal.univ-tridinanti.ac.id
[2026-03-12 20:17:46] [Notice] Task process started.
[2026-03-12 20:18:07] [Warning] Registration was not successful! The DOI registration server returned an error: ' (401 Unauthorized)'.
[2026-03-12 20:18:26] [Warning] Registration was not successful! The DOI registration server returned an error: ' (401 Unauthorized)'.
[2026-03-12 20:18:46] [Warning] Registration was not successful! The DOI registration server returned an error: ' (401 Unauthorized)'.
[2026-03-12 20:21:14] [Warning] Registration was not successful! The DOI registration server returned an error: 'cURL error 35: error:0A000126:SSL routines::unexpected eof while reading (see https://curl.haxx.se/libcurl/c/libcurl-errors.html)'.
[2026-03-12 20:22:53] [Warning] Registration was not successful! The DOI registration server returned an error: ' (401 Unauthorized)'.
[2026-03-12 20:23:13] [Warning] Registration was not successful! The DOI registration server returned an error: ' (401 Unauthorized)'.
[2026-03-12 20:23:36] [Warning] Registration was not successful! The DOI registration server returned an error: ' (401 Unauthorized)'.
[2026-03-12 20:25:03] [Warning] Registration was not successful! The DOI registration server returned an error: ' (401 Unauthorized)'.
[2026-03-12 20:25:27] [Warning] Registration was not successful! The DOI registration server returned an error: ' (401 Unauthorized)'.
[2026-03-12 20:25:49] [Warning] Registration was not successful! The DOI registration server returned an error: ' (401 Unauthorized)'.
[2026-03-12 20:26:13] [Warning] Registration was not successful! The DOI registration server returned an error: ' (401 Unauthorized)'.
[2026-03-12 20:26:34] [Warning] Registration was not successful! The DOI registration server returned an error: ' (401 Unauthorized)'.
[2026-03-12 20:26:55] [Warning] Registration was not successful! The DOI registration server returned an error: ' (401 Unauthorized)'.
[2026-03-12 20:27:59] [Warning] Registration was not successful! The DOI registration server returned an error: ' (401 Unauthorized)'.
[2026-03-12 20:28:21] [Warning] Registration was not successful! The DOI registration server returned an error: ' (401 Unauthorized)'.
[2026-03-12 20:28:44] [Warning] Registration was not successful! The DOI registration server returned an error: ' (401 Unauthorized)'.
[2026-03-12 20:29:59] [Warning] Registration was not successful! The DOI registration server returned an error: ' (401 Unauthorized)'.
[2026-03-12 20:33:01] [Warning] Registration was not successful! The DOI registration server returned an error: ' (401 Unauthorized)'.
[2026-03-12 20:33:38] [Warning] Registration was not successful! The DOI registration server returned an error: ' (401 Unauthorized)'.
[2026-03-12 20:34:02] [Warning] Registration was not successful! The DOI registration server returned an error: ' (401 Unauthorized)'.
[2026-03-12 20:34:51] [Warning] Registration was not successful! The DOI registration server returned an error: ' (401 Unauthorized)'.
[2026-03-12 20:36:38] [Warning] Registration was not successful! The DOI registration server returned an error: ' (401 Unauthorized)'.
[2026-03-12 20:37:26] [Warning] Registration was not successful! The DOI registration server returned an error: ' (401 Unauthorized)'.
[2026-03-12 20:40:18] [Warning] Registration was not successful! The DOI registration server returned an error: ' (401 Unauthorized)'.
[2026-03-12 20:40:44] [Warning] Registration was not successful! The DOI registration server returned an error: ' (401 Unauthorized)'.
[2026-03-12 20:41:30] [Warning] Registration was not successful! The DOI registration server returned an error: ' (401 Unauthorized)'.
[2026-03-12 20:42:02] [Warning] Registration was not successful! The DOI registration server returned an error: ' (401 Unauthorized)'.
[2026-03-12 20:44:02] [Warning] Registration was not successful! The DOI registration server returned an error: ' (401 Unauthorized)'.
[2026-03-12 20:44:28] [Warning] Registration was not successful! The DOI registration server returned an error: ' (401 Unauthorized)'.
[2026-03-12 20:44:51] [Warning] Registration was not successful! The DOI registration server returned an error: ' (401 Unauthorized)'.
[2026-03-12 20:45:31] [Warning] Registration was not successful! The DOI registration server returned an error: ' (401 Unauthorized)'.
[2026-03-12 20:46:04] [Warning] Registration was not successful! The DOI registration server returned an error: ' (401 Unauthorized)'.
[2026-03-12 20:46:25] [Warning] Registration was not successful! The DOI registration server returned an error: ' (401 Unauthorized)'.
[2026-03-12 20:46:48] [Warning] Registration was not successful! The DOI registration server returned an error: ' (401 Unauthorized)'.
[2026-03-12 20:47:39] [Warning] Registration was not successful! The DOI registration server returned an error: ' (401 Unauthorized)'.
[2026-03-12 20:49:57] [Warning] Registration was not successful! The DOI registration server returned an error: ' (401 Unauthorized)'.
[2026-03-12 20:51:33] [Warning] Registration was not successful! The DOI registration server returned an error: ' (401 Unauthorized)'.
[2026-03-12 20:52:58] [Warning] Registration was not successful! The DOI registration server returned an error: ' (401 Unauthorized)'.
[2026-03-12 20:53:22] [Warning] Registration was not successful! The DOI registration server returned an error: ' (401 Unauthorized)'.
[2026-03-12 20:53:44] [Warning] Registration was not successful! The DOI registration server returned an error: ' (401 Unauthorized)'.
[2026-03-12 20:54:07] [Warning] Registration was not successful! The DOI registration server returned an error: ' (401 Unauthorized)'.
[2026-03-12 20:54:34] [Warning] Registration was not successful! The DOI registration server returned an error: ' (401 Unauthorized)'.
[2026-03-12 20:55:54] [Warning] Registration was not successful! The DOI registration server returned an error: ' (401 Unauthorized)'.
[2026-03-12 20:56:23] [Warning] Registration was not successful! The DOI registration server returned an error: ' (401 Unauthorized)'.
[2026-03-12 20:56:48] [Warning] Registration was not successful! The DOI registration server returned an error: ' (401 Unauthorized)'.
[2026-03-12 20:57:09] [Warning] Registration was not successful! The DOI registration server returned an error: ' (401 Unauthorized)'.
[2026-03-12 20:57:52] [Warning] Registration was not successful! The DOI registration server returned an error: ' (401 Unauthorized)'.
[2026-03-12 20:58:25] [Warning] Registration was not successful! The DOI registration server returned an error: ' (401 Unauthorized)'.
[2026-03-12 20:58:51] [Warning] Registration was not successful! The DOI registration server returned an error: ' (401 Unauthorized)'.
[2026-03-12 21:00:07] [Warning] Registration was not successful! The DOI registration server returned an error: ' (401 Unauthorized)'.
[2026-03-12 21:00:34] [Warning] Registration was not successful! The DOI registration server returned an error: ' (401 Unauthorized)'.
[2026-03-12 21:00:57] [Warning] Registration was not successful! The DOI registration server returned an error: ' (401 Unauthorized)'.
[2026-03-12 21:01:20] [Warning] Registration was not successful! The DOI registration server returned an error: ' (401 Unauthorized)'.
[2026-03-12 21:01:42] [Warning] Registration was not successful! The DOI registration server returned an error: ' (401 Unauthorized)'.
[2026-03-12 21:02:07] [Warning] Registration was not successful! The DOI registration server returned an error: ' (401 Unauthorized)'.
[2026-03-12 21:02:38] [Warning] Registration was not successful! The DOI registration server returned an error: ' (401 Unauthorized)'.
[2026-03-12 21:03:01] [Warning] Registration was not successful! The DOI registration server returned an error: ' (401 Unauthorized)'.
[2026-03-12 21:03:24] [Warning] Registration was not successful! The DOI registration server returned an error: ' (401 Unauthorized)'.
[2026-03-12 21:03:47] [Warning] Registration was not successful! The DOI registration server returned an error: ' (401 Unauthorized)'.
[2026-03-12 21:04:11] [Warning] Registration was not successful! The DOI registration server returned an error: ' (401 Unauthorized)'.
[2026-03-12 21:04:33] [Warning] Registration was not successful! The DOI registration server returned an error: ' (401 Unauthorized)'.
[2026-03-12 21:04:55] [Warning] Registration was not successful! The DOI registration server returned an error: ' (401 Unauthorized)'.
[2026-03-12 21:05:19] [Warning] Registration was not successful! The DOI registration server returned an error: ' (401 Unauthorized)'.
[2026-03-12 21:05:42] [Warning] Registration was not successful! The DOI registration server returned an error: ' (401 Unauthorized)'.
[2026-03-12 21:06:04] [Warning] Registration was not successful! The DOI registration server returned an error: ' (401 Unauthorized)'.
[2026-03-12 21:06:26] [Warning] Registration was not successful! The DOI registration server returned an error: ' (401 Unauthorized)'.
[2026-03-12 21:06:49] [Warning] Registration was not successful! The DOI registration server returned an error: ' (401 Unauthorized)'.
[2026-03-12 21:07:12] [Warning] Registration was not successful! The DOI registration server returned an error: ' (401 Unauthorized)'.
[2026-03-12 21:07:34] [Warning] Registration was not successful! The DOI registration server returned an error: ' (401 Unauthorized)'.
[2026-03-12 21:07:56] [Warning] Registration was not successful! The DOI registration server returned an error: ' (401 Unauthorized)'.
[2026-03-12 21:08:18] [Warning] Registration was not successful! The DOI registration server returned an error: ' (401 Unauthorized)'.
[2026-03-12 21:08:40] [Warning] Registration was not successful! The DOI registration server returned an error: ' (401 Unauthorized)'.
[2026-03-12 21:09:02] [Warning] Registration was not successful! The DOI registration server returned an error: ' (401 Unauthorized)'.
[2026-03-12 21:09:24] [Warning] Registration was not successful! The DOI registration server returned an error: ' (401 Unauthorized)'.
[2026-03-12 21:09:45] [Warning] Registration was not successful! The DOI registration server returned an error: ' (401 Unauthorized)'.
[2026-03-12 21:10:10] [Warning] Registration was not successful! The DOI registration server returned an error: ' (401 Unauthorized)'.
[2026-03-12 21:10:32] [Warning] Registration was not successful! The DOI registration server returned an error: ' (401 Unauthorized)'.
[2026-03-12 21:10:57] [Warning] Registration was not successful! The DOI registration server returned an error: ' (401 Unauthorized)'.
[2026-03-12 21:10:57] [Notice] Task process stopped.
