[2026-05-26 20:42:22] https://ejournal.univ-tridinanti.ac.id
[2026-05-26 20:42:22] [Notice] Task process started.
[2026-05-26 20:42:43] [Warning] Registration was not successful! The DOI registration server returned an error: ' (401 Unauthorized)'.
[2026-05-26 20:43:02] [Warning] Registration was not successful! The DOI registration server returned an error: ' (401 Unauthorized)'.
[2026-05-26 20:43:19] [Warning] Registration was not successful! The DOI registration server returned an error: ' (401 Unauthorized)'.
[2026-05-26 20:43:37] [Warning] Registration was not successful! The DOI registration server returned an error: ' (401 Unauthorized)'.
[2026-05-26 20:43:55] [Warning] Registration was not successful! The DOI registration server returned an error: ' (401 Unauthorized)'.
[2026-05-26 20:44:13] [Warning] Registration was not successful! The DOI registration server returned an error: ' (401 Unauthorized)'.
[2026-05-26 20:44:31] [Warning] Registration was not successful! The DOI registration server returned an error: ' (401 Unauthorized)'.
[2026-05-26 20:44:49] [Warning] Registration was not successful! The DOI registration server returned an error: ' (401 Unauthorized)'.
[2026-05-26 20:45:07] [Warning] Registration was not successful! The DOI registration server returned an error: ' (401 Unauthorized)'.
[2026-05-26 20:45:26] [Warning] Registration was not successful! The DOI registration server returned an error: ' (401 Unauthorized)'.
[2026-05-26 20:45:44] [Warning] Registration was not successful! The DOI registration server returned an error: ' (401 Unauthorized)'.
[2026-05-26 20:46:02] [Warning] Registration was not successful! The DOI registration server returned an error: ' (401 Unauthorized)'.
[2026-05-26 20:46:20] [Warning] Registration was not successful! The DOI registration server returned an error: ' (401 Unauthorized)'.
[2026-05-26 20:46:39] [Warning] Registration was not successful! The DOI registration server returned an error: ' (401 Unauthorized)'.
[2026-05-26 20:46:57] [Warning] Registration was not successful! The DOI registration server returned an error: ' (401 Unauthorized)'.
[2026-05-26 20:47:15] [Warning] Registration was not successful! The DOI registration server returned an error: ' (401 Unauthorized)'.
[2026-05-26 20:47:33] [Warning] Registration was not successful! The DOI registration server returned an error: ' (401 Unauthorized)'.
[2026-05-26 20:47:51] [Warning] Registration was not successful! The DOI registration server returned an error: ' (401 Unauthorized)'.
[2026-05-26 20:48:09] [Warning] Registration was not successful! The DOI registration server returned an error: ' (401 Unauthorized)'.
[2026-05-26 20:48:27] [Warning] Registration was not successful! The DOI registration server returned an error: ' (401 Unauthorized)'.
[2026-05-26 20:48:47] [Warning] Registration was not successful! The DOI registration server returned an error: ' (401 Unauthorized)'.
[2026-05-26 20:49:07] [Warning] Registration was not successful! The DOI registration server returned an error: ' (401 Unauthorized)'.
[2026-05-26 20:49:24] [Warning] Registration was not successful! The DOI registration server returned an error: ' (401 Unauthorized)'.
[2026-05-26 20:49:42] [Warning] Registration was not successful! The DOI registration server returned an error: ' (401 Unauthorized)'.
[2026-05-26 20:50:00] [Warning] Registration was not successful! The DOI registration server returned an error: ' (401 Unauthorized)'.
[2026-05-26 20:50:18] [Warning] Registration was not successful! The DOI registration server returned an error: ' (401 Unauthorized)'.
[2026-05-26 20:50:36] [Warning] Registration was not successful! The DOI registration server returned an error: ' (401 Unauthorized)'.
[2026-05-26 20:50:54] [Warning] Registration was not successful! The DOI registration server returned an error: ' (401 Unauthorized)'.
[2026-05-26 20:51:12] [Warning] Registration was not successful! The DOI registration server returned an error: ' (401 Unauthorized)'.
[2026-05-26 20:51:31] [Warning] Registration was not successful! The DOI registration server returned an error: ' (401 Unauthorized)'.
[2026-05-26 20:51:49] [Warning] Registration was not successful! The DOI registration server returned an error: ' (401 Unauthorized)'.
[2026-05-26 20:52:07] [Warning] Registration was not successful! The DOI registration server returned an error: ' (401 Unauthorized)'.
[2026-05-26 20:52:25] [Warning] Registration was not successful! The DOI registration server returned an error: ' (401 Unauthorized)'.
[2026-05-26 20:52:43] [Warning] Registration was not successful! The DOI registration server returned an error: ' (401 Unauthorized)'.
[2026-05-26 20:53:01] [Warning] Registration was not successful! The DOI registration server returned an error: ' (401 Unauthorized)'.
[2026-05-26 20:53:24] [Warning] Registration was not successful! The DOI registration server returned an error: ' (401 Unauthorized)'.
[2026-05-26 20:53:44] [Warning] Registration was not successful! The DOI registration server returned an error: ' (401 Unauthorized)'.
[2026-05-26 20:54:02] [Warning] Registration was not successful! The DOI registration server returned an error: ' (401 Unauthorized)'.
[2026-05-26 20:54:21] [Warning] Registration was not successful! The DOI registration server returned an error: ' (401 Unauthorized)'.
[2026-05-26 20:54:39] [Warning] Registration was not successful! The DOI registration server returned an error: ' (401 Unauthorized)'.
[2026-05-26 20:55:02] [Warning] Registration was not successful! The DOI registration server returned an error: ' (401 Unauthorized)'.
[2026-05-26 20:55:22] [Warning] Registration was not successful! The DOI registration server returned an error: ' (401 Unauthorized)'.
[2026-05-26 20:55:41] [Warning] Registration was not successful! The DOI registration server returned an error: ' (401 Unauthorized)'.
[2026-05-26 20:56:00] [Warning] Registration was not successful! The DOI registration server returned an error: ' (401 Unauthorized)'.
[2026-05-26 20:56:21] [Warning] Registration was not successful! The DOI registration server returned an error: ' (401 Unauthorized)'.
[2026-05-26 20:56:40] [Warning] Registration was not successful! The DOI registration server returned an error: ' (401 Unauthorized)'.
[2026-05-26 20:57:01] [Warning] Registration was not successful! The DOI registration server returned an error: ' (401 Unauthorized)'.
[2026-05-26 20:57:19] [Warning] Registration was not successful! The DOI registration server returned an error: ' (401 Unauthorized)'.
[2026-05-26 20:57:37] [Warning] Registration was not successful! The DOI registration server returned an error: ' (401 Unauthorized)'.
[2026-05-26 20:58:00] [Warning] Registration was not successful! The DOI registration server returned an error: ' (401 Unauthorized)'.
[2026-05-26 20:58:20] [Warning] Registration was not successful! The DOI registration server returned an error: ' (401 Unauthorized)'.
[2026-05-26 20:58:43] [Warning] Registration was not successful! The DOI registration server returned an error: ' (401 Unauthorized)'.
[2026-05-26 20:59:05] [Warning] Registration was not successful! The DOI registration server returned an error: ' (401 Unauthorized)'.
[2026-05-26 20:59:26] [Warning] Registration was not successful! The DOI registration server returned an error: ' (401 Unauthorized)'.
[2026-05-26 20:59:47] [Warning] Registration was not successful! The DOI registration server returned an error: ' (401 Unauthorized)'.
[2026-05-26 21:00:06] [Warning] Registration was not successful! The DOI registration server returned an error: ' (401 Unauthorized)'.
[2026-05-26 21:00:25] [Warning] Registration was not successful! The DOI registration server returned an error: ' (401 Unauthorized)'.
[2026-05-26 21:00:48] [Warning] Registration was not successful! The DOI registration server returned an error: ' (401 Unauthorized)'.
[2026-05-26 21:01:08] [Warning] Registration was not successful! The DOI registration server returned an error: ' (401 Unauthorized)'.
[2026-05-26 21:01:32] [Warning] Registration was not successful! The DOI registration server returned an error: ' (401 Unauthorized)'.
[2026-05-26 21:01:53] [Warning] Registration was not successful! The DOI registration server returned an error: ' (401 Unauthorized)'.
[2026-05-26 21:02:14] [Warning] Registration was not successful! The DOI registration server returned an error: ' (401 Unauthorized)'.
[2026-05-26 21:02:34] [Warning] Registration was not successful! The DOI registration server returned an error: ' (401 Unauthorized)'.
[2026-05-26 21:02:53] [Warning] Registration was not successful! The DOI registration server returned an error: ' (401 Unauthorized)'.
[2026-05-26 21:03:12] [Warning] Registration was not successful! The DOI registration server returned an error: ' (401 Unauthorized)'.
[2026-05-26 21:03:30] [Warning] Registration was not successful! The DOI registration server returned an error: ' (401 Unauthorized)'.
[2026-05-26 21:03:52] [Warning] Registration was not successful! The DOI registration server returned an error: ' (401 Unauthorized)'.
[2026-05-26 21:04:11] [Warning] Registration was not successful! The DOI registration server returned an error: ' (401 Unauthorized)'.
[2026-05-26 21:04:32] [Warning] Registration was not successful! The DOI registration server returned an error: ' (401 Unauthorized)'.
[2026-05-26 21:04:50] [Warning] Registration was not successful! The DOI registration server returned an error: ' (401 Unauthorized)'.
[2026-05-26 21:05:13] [Warning] Registration was not successful! The DOI registration server returned an error: ' (401 Unauthorized)'.
[2026-05-26 21:05:38] [Warning] Registration was not successful! The DOI registration server returned an error: ' (401 Unauthorized)'.
[2026-05-26 21:05:57] [Warning] Registration was not successful! The DOI registration server returned an error: ' (401 Unauthorized)'.
[2026-05-26 21:06:19] [Warning] Registration was not successful! The DOI registration server returned an error: ' (401 Unauthorized)'.
[2026-05-26 21:06:38] [Warning] Registration was not successful! The DOI registration server returned an error: ' (401 Unauthorized)'.
[2026-05-26 21:08:21] [Warning] Registration was not successful! The DOI registration server returned an error: '<html><body><h1>502 Bad Gateway</h1>
The server returned an invalid or incomplete response.
</body></html>
 (502 Bad Gateway)'.
[2026-05-26 21:08:37] [Warning] Registration was not successful! The DOI registration server returned an error: '<html><body><h1>503 Service Unavailable</h1>
No server is available to handle this request.
</body></html>
 (503 Service Unavailable)'.
[2026-05-26 21:08:55] [Warning] Registration was not successful! The DOI registration server returned an error: '<html><body><h1>503 Service Unavailable</h1>
No server is available to handle this request.
</body></html>
 (503 Service Unavailable)'.
[2026-05-26 21:08:56] [Notice] Task process stopped.
