[2026-03-16 20:19:30] https://ejournal.univ-tridinanti.ac.id
[2026-03-16 20:19:30] [Notice] Task process started.
[2026-03-16 20:19:48] [Warning] Registration was not successful! The DOI registration server returned an error: ' (401 Unauthorized)'.
[2026-03-16 20:20:06] [Warning] Registration was not successful! The DOI registration server returned an error: ' (401 Unauthorized)'.
[2026-03-16 20:20:23] [Warning] Registration was not successful! The DOI registration server returned an error: ' (401 Unauthorized)'.
[2026-03-16 20:20:41] [Warning] Registration was not successful! The DOI registration server returned an error: ' (401 Unauthorized)'.
[2026-03-16 20:20:58] [Warning] Registration was not successful! The DOI registration server returned an error: ' (401 Unauthorized)'.
[2026-03-16 20:21:16] [Warning] Registration was not successful! The DOI registration server returned an error: ' (401 Unauthorized)'.
[2026-03-16 20:21:33] [Warning] Registration was not successful! The DOI registration server returned an error: ' (401 Unauthorized)'.
[2026-03-16 20:21:50] [Warning] Registration was not successful! The DOI registration server returned an error: ' (401 Unauthorized)'.
[2026-03-16 20:22:08] [Warning] Registration was not successful! The DOI registration server returned an error: ' (401 Unauthorized)'.
[2026-03-16 20:22:25] [Warning] Registration was not successful! The DOI registration server returned an error: ' (401 Unauthorized)'.
[2026-03-16 20:22:43] [Warning] Registration was not successful! The DOI registration server returned an error: ' (401 Unauthorized)'.
[2026-03-16 20:23:00] [Warning] Registration was not successful! The DOI registration server returned an error: ' (401 Unauthorized)'.
[2026-03-16 20:23:18] [Warning] Registration was not successful! The DOI registration server returned an error: ' (401 Unauthorized)'.
[2026-03-16 20:23:35] [Warning] Registration was not successful! The DOI registration server returned an error: ' (401 Unauthorized)'.
[2026-03-16 20:23:52] [Warning] Registration was not successful! The DOI registration server returned an error: ' (401 Unauthorized)'.
[2026-03-16 20:24:10] [Warning] Registration was not successful! The DOI registration server returned an error: ' (401 Unauthorized)'.
[2026-03-16 20:24:27] [Warning] Registration was not successful! The DOI registration server returned an error: ' (401 Unauthorized)'.
[2026-03-16 20:24:45] [Warning] Registration was not successful! The DOI registration server returned an error: ' (401 Unauthorized)'.
[2026-03-16 20:25:03] [Warning] Registration was not successful! The DOI registration server returned an error: ' (401 Unauthorized)'.
[2026-03-16 20:25:20] [Warning] Registration was not successful! The DOI registration server returned an error: ' (401 Unauthorized)'.
[2026-03-16 20:25:38] [Warning] Registration was not successful! The DOI registration server returned an error: ' (401 Unauthorized)'.
[2026-03-16 20:25:56] [Warning] Registration was not successful! The DOI registration server returned an error: ' (401 Unauthorized)'.
[2026-03-16 20:27:07] [Warning] Registration was not successful! The DOI registration server returned an error: ' (401 Unauthorized)'.
[2026-03-16 20:27:26] [Warning] Registration was not successful! The DOI registration server returned an error: ' (401 Unauthorized)'.
[2026-03-16 20:27:44] [Warning] Registration was not successful! The DOI registration server returned an error: ' (401 Unauthorized)'.
[2026-03-16 20:28:03] [Warning] Registration was not successful! The DOI registration server returned an error: ' (401 Unauthorized)'.
[2026-03-16 20:28:21] [Warning] Registration was not successful! The DOI registration server returned an error: ' (401 Unauthorized)'.
[2026-03-16 20:28:40] [Warning] Registration was not successful! The DOI registration server returned an error: ' (401 Unauthorized)'.
[2026-03-16 20:29:00] [Warning] Registration was not successful! The DOI registration server returned an error: ' (401 Unauthorized)'.
[2026-03-16 20:29:19] [Warning] Registration was not successful! The DOI registration server returned an error: ' (401 Unauthorized)'.
[2026-03-16 20:29:37] [Warning] Registration was not successful! The DOI registration server returned an error: ' (401 Unauthorized)'.
[2026-03-16 20:29:56] [Warning] Registration was not successful! The DOI registration server returned an error: ' (401 Unauthorized)'.
[2026-03-16 20:30:16] [Warning] Registration was not successful! The DOI registration server returned an error: ' (401 Unauthorized)'.
[2026-03-16 20:30:36] [Warning] Registration was not successful! The DOI registration server returned an error: ' (401 Unauthorized)'.
[2026-03-16 20:30:55] [Warning] Registration was not successful! The DOI registration server returned an error: ' (401 Unauthorized)'.
[2026-03-16 20:31:12] [Warning] Registration was not successful! The DOI registration server returned an error: ' (401 Unauthorized)'.
[2026-03-16 20:31:35] [Warning] Registration was not successful! The DOI registration server returned an error: ' (401 Unauthorized)'.
[2026-03-16 20:31:53] [Warning] Registration was not successful! The DOI registration server returned an error: ' (401 Unauthorized)'.
[2026-03-16 20:32:11] [Warning] Registration was not successful! The DOI registration server returned an error: ' (401 Unauthorized)'.
[2026-03-16 20:32:30] [Warning] Registration was not successful! The DOI registration server returned an error: ' (401 Unauthorized)'.
[2026-03-16 20:32:49] [Warning] Registration was not successful! The DOI registration server returned an error: ' (401 Unauthorized)'.
[2026-03-16 20:33:07] [Warning] Registration was not successful! The DOI registration server returned an error: ' (401 Unauthorized)'.
[2026-03-16 20:33:26] [Warning] Registration was not successful! The DOI registration server returned an error: ' (401 Unauthorized)'.
[2026-03-16 20:33:46] [Warning] Registration was not successful! The DOI registration server returned an error: ' (401 Unauthorized)'.
[2026-03-16 20:34:06] [Warning] Registration was not successful! The DOI registration server returned an error: ' (401 Unauthorized)'.
[2026-03-16 20:34:27] [Warning] Registration was not successful! The DOI registration server returned an error: ' (401 Unauthorized)'.
[2026-03-16 20:34:52] [Warning] Registration was not successful! The DOI registration server returned an error: ' (401 Unauthorized)'.
[2026-03-16 20:35:12] [Warning] Registration was not successful! The DOI registration server returned an error: ' (401 Unauthorized)'.
[2026-03-16 20:35:33] [Warning] Registration was not successful! The DOI registration server returned an error: ' (401 Unauthorized)'.
[2026-03-16 20:35:53] [Warning] Registration was not successful! The DOI registration server returned an error: ' (401 Unauthorized)'.
[2026-03-16 20:36:13] [Warning] Registration was not successful! The DOI registration server returned an error: ' (401 Unauthorized)'.
[2026-03-16 20:36:33] [Warning] Registration was not successful! The DOI registration server returned an error: ' (401 Unauthorized)'.
[2026-03-16 20:36:54] [Warning] Registration was not successful! The DOI registration server returned an error: ' (401 Unauthorized)'.
[2026-03-16 20:37:15] [Warning] Registration was not successful! The DOI registration server returned an error: ' (401 Unauthorized)'.
[2026-03-16 20:37:34] [Warning] Registration was not successful! The DOI registration server returned an error: ' (401 Unauthorized)'.
[2026-03-16 20:37:56] [Warning] Registration was not successful! The DOI registration server returned an error: ' (401 Unauthorized)'.
[2026-03-16 20:38:17] [Warning] Registration was not successful! The DOI registration server returned an error: ' (401 Unauthorized)'.
[2026-03-16 20:38:38] [Warning] Registration was not successful! The DOI registration server returned an error: ' (401 Unauthorized)'.
[2026-03-16 20:39:00] [Warning] Registration was not successful! The DOI registration server returned an error: ' (401 Unauthorized)'.
[2026-03-16 20:39:20] [Warning] Registration was not successful! The DOI registration server returned an error: ' (401 Unauthorized)'.
[2026-03-16 20:39:39] [Warning] Registration was not successful! The DOI registration server returned an error: ' (401 Unauthorized)'.
[2026-03-16 20:39:58] [Warning] Registration was not successful! The DOI registration server returned an error: ' (401 Unauthorized)'.
[2026-03-16 20:40:17] [Warning] Registration was not successful! The DOI registration server returned an error: ' (401 Unauthorized)'.
[2026-03-16 20:40:39] [Warning] Registration was not successful! The DOI registration server returned an error: ' (401 Unauthorized)'.
[2026-03-16 20:40:59] [Warning] Registration was not successful! The DOI registration server returned an error: ' (401 Unauthorized)'.
[2026-03-16 20:41:21] [Warning] Registration was not successful! The DOI registration server returned an error: ' (401 Unauthorized)'.
[2026-03-16 20:41:43] [Warning] Registration was not successful! The DOI registration server returned an error: ' (401 Unauthorized)'.
[2026-03-16 20:42:04] [Warning] Registration was not successful! The DOI registration server returned an error: ' (401 Unauthorized)'.
[2026-03-16 20:42:24] [Warning] Registration was not successful! The DOI registration server returned an error: ' (401 Unauthorized)'.
[2026-03-16 20:42:46] [Warning] Registration was not successful! The DOI registration server returned an error: ' (401 Unauthorized)'.
[2026-03-16 20:43:04] [Warning] Registration was not successful! The DOI registration server returned an error: ' (401 Unauthorized)'.
[2026-03-16 20:43:26] [Warning] Registration was not successful! The DOI registration server returned an error: ' (401 Unauthorized)'.
[2026-03-16 20:43:45] [Warning] Registration was not successful! The DOI registration server returned an error: ' (401 Unauthorized)'.
[2026-03-16 20:44:05] [Warning] Registration was not successful! The DOI registration server returned an error: ' (401 Unauthorized)'.
[2026-03-16 20:44:26] [Warning] Registration was not successful! The DOI registration server returned an error: ' (401 Unauthorized)'.
[2026-03-16 20:44:48] [Warning] Registration was not successful! The DOI registration server returned an error: ' (401 Unauthorized)'.
[2026-03-16 20:45:09] [Warning] Registration was not successful! The DOI registration server returned an error: ' (401 Unauthorized)'.
[2026-03-16 20:46:05] [Warning] Registration was not successful! The DOI registration server returned an error: '<html><body><h1>408 Request Time-out</h1>
Your browser didn't send a complete request in time.
</body></html>
 (408 Request Time-out)'.
[2026-03-16 20:46:05] [Notice] Task process stopped.
